{"total": {"lines":{"total":6500,"covered":4352,"skipped":0,"pct":66.95},"statements":{"total":8614,"covered":5438,"skipped":0,"pct":63.12},"functions":{"total":2708,"covered":1422,"skipped":0,"pct":52.51},"branches":{"total":9328,"covered":4710,"skipped":0,"pct":50.49},"branchesTrue":{"total":0,"covered":0,"skipped":0,"pct":100}}
,"/Users/palakjain/Vibe_Coding/finwise/src/components/Disclaimer.tsx": {"lines":{"total":3,"covered":3,"skipped":0,"pct":100},"functions":{"total":1,"covered":1,"skipped":0,"pct":100},"statements":{"total":3,"covered":3,"skipped":0,"pct":100},"branches":{"total":2,"covered":2,"skipped":0,"pct":100}}
,"/Users/palakjain/Vibe_Coding/finwise/src/components/ErrorBoundary.tsx": {"lines":{"total":8,"covered":8,"skipped":0,"pct":100},"functions":{"total":4,"covered":4,"skipped":0,"pct":100},"statements":{"total":10,"covered":10,"skipped":0,"pct":100},"branches":{"total":7,"covered":7,"skipped":0,"pct":100}}
,"/Users/palakjain/Vibe_Coding/finwise/src/components/InputModal.tsx": {"lines":{"total":7,"covered":7,"skipped":0,"pct":100},"functions":{"total":3,"covered":3,"skipped":0,"pct":100},"statements":{"total":7,"covered":7,"skipped":0,"pct":100},"branches":{"total":6,"covered":3,"skipped":0,"pct":50}}
,"/Users/palakjain/Vibe_Coding/finwise/src/components/KeyboardAwareScreen.tsx": {"lines":{"total":3,"covered":3,"skipped":0,"pct":100},"functions":{"total":1,"covered":1,"skipped":0,"pct":100},"statements":{"total":3,"covered":3,"skipped":0,"pct":100},"branches":{"total":2,"covered":1,"skipped":0,"pct":50}}
,"/Users/palakjain/Vibe_Coding/finwise/src/components/KeyboardAwareSheet.tsx": {"lines":{"total":5,"covered":4,"skipped":0,"pct":80},"functions":{"total":2,"covered":1,"skipped":0,"pct":50},"statements":{"total":5,"covered":4,"skipped":0,"pct":80},"branches":{"total":2,"covered":1,"skipped":0,"pct":50}}
,"/Users/palakjain/Vibe_Coding/finwise/src/components/MoneySheets.tsx": {"lines":{"total":136,"covered":51,"skipped":0,"pct":37.5},"functions":{"total":62,"covered":11,"skipped":0,"pct":17.74},"statements":{"total":203,"covered":59,"skipped":0,"pct":29.06},"branches":{"total":211,"covered":58,"skipped":0,"pct":27.48}}
,"/Users/palakjain/Vibe_Coding/finwise/src/components/PaycheckCard.tsx": {"lines":{"total":15,"covered":10,"skipped":0,"pct":66.66},"functions":{"total":9,"covered":4,"skipped":0,"pct":44.44},"statements":{"total":15,"covered":10,"skipped":0,"pct":66.66},"branches":{"total":12,"covered":11,"skipped":0,"pct":91.66}}
,"/Users/palakjain/Vibe_Coding/finwise/src/components/RecoveryCodeModal.tsx": {"lines":{"total":7,"covered":6,"skipped":0,"pct":85.71},"functions":{"total":5,"covered":4,"skipped":0,"pct":80},"statements":{"total":12,"covered":10,"skipped":0,"pct":83.33},"branches":{"total":16,"covered":16,"skipped":0,"pct":100}}
,"/Users/palakjain/Vibe_Coding/finwise/src/components/TopBar.tsx": {"lines":{"total":22,"covered":19,"skipped":0,"pct":86.36},"functions":{"total":14,"covered":10,"skipped":0,"pct":71.42},"statements":{"total":27,"covered":21,"skipped":0,"pct":77.77},"branches":{"total":6,"covered":5,"skipped":0,"pct":83.33}}
,"/Users/palakjain/Vibe_Coding/finwise/src/components/UI.tsx": {"lines":{"total":34,"covered":28,"skipped":0,"pct":82.35},"functions":{"total":20,"covered":14,"skipped":0,"pct":70},"statements":{"total":35,"covered":29,"skipped":0,"pct":82.85},"branches":{"total":37,"covered":31,"skipped":0,"pct":83.78}}
,"/Users/palakjain/Vibe_Coding/finwise/src/components/UseThisPlanSheet.tsx": {"lines":{"total":9,"covered":8,"skipped":0,"pct":88.88},"functions":{"total":4,"covered":3,"skipped":0,"pct":75},"statements":{"total":9,"covered":8,"skipped":0,"pct":88.88},"branches":{"total":2,"covered":2,"skipped":0,"pct":100}}
,"/Users/palakjain/Vibe_Coding/finwise/src/components/useMoney.ts": {"lines":{"total":8,"covered":4,"skipped":0,"pct":50},"functions":{"total":6,"covered":2,"skipped":0,"pct":33.33},"statements":{"total":10,"covered":5,"skipped":0,"pct":50},"branches":{"total":11,"covered":6,"skipped":0,"pct":54.54}}
,"/Users/palakjain/Vibe_Coding/finwise/src/constants/categories.ts": {"lines":{"total":16,"covered":15,"skipped":0,"pct":93.75},"functions":{"total":16,"covered":14,"skipped":0,"pct":87.5},"statements":{"total":23,"covered":21,"skipped":0,"pct":91.3},"branches":{"total":14,"covered":13,"skipped":0,"pct":92.85}}
,"/Users/palakjain/Vibe_Coding/finwise/src/constants/tickers.ts": {"lines":{"total":6,"covered":6,"skipped":0,"pct":100},"functions":{"total":3,"covered":3,"skipped":0,"pct":100},"statements":{"total":9,"covered":9,"skipped":0,"pct":100},"branches":{"total":6,"covered":6,"skipped":0,"pct":100}}
,"/Users/palakjain/Vibe_Coding/finwise/src/domain/glossary.ts": {"lines":{"total":1,"covered":1,"skipped":0,"pct":100},"functions":{"total":0,"covered":0,"skipped":0,"pct":100},"statements":{"total":1,"covered":1,"skipped":0,"pct":100},"branches":{"total":0,"covered":0,"skipped":0,"pct":100}}
,"/Users/palakjain/Vibe_Coding/finwise/src/domain/snapshot.ts": {"lines":{"total":26,"covered":26,"skipped":0,"pct":100},"functions":{"total":5,"covered":5,"skipped":0,"pct":100},"statements":{"total":28,"covered":28,"skipped":0,"pct":100},"branches":{"total":28,"covered":25,"skipped":0,"pct":89.28}}
,"/Users/palakjain/Vibe_Coding/finwise/src/domain/_shared/eventBus.ts": {"lines":{"total":5,"covered":5,"skipped":0,"pct":100},"functions":{"total":4,"covered":4,"skipped":0,"pct":100},"statements":{"total":8,"covered":8,"skipped":0,"pct":100},"branches":{"total":0,"covered":0,"skipped":0,"pct":100}}
,"/Users/palakjain/Vibe_Coding/finwise/src/domain/_shared/firestore.ts": {"lines":{"total":3,"covered":0,"skipped":0,"pct":0},"functions":{"total":2,"covered":0,"skipped":0,"pct":0},"statements":{"total":3,"covered":0,"skipped":0,"pct":0},"branches":{"total":2,"covered":0,"skipped":0,"pct":0}}
,"/Users/palakjain/Vibe_Coding/finwise/src/domain/_shared/ids.ts": {"lines":{"total":1,"covered":1,"skipped":0,"pct":100},"functions":{"total":1,"covered":1,"skipped":0,"pct":100},"statements":{"total":1,"covered":1,"skipped":0,"pct":100},"branches":{"total":0,"covered":0,"skipped":0,"pct":100}}
,"/Users/palakjain/Vibe_Coding/finwise/src/domain/_shared/money.ts": {"lines":{"total":34,"covered":27,"skipped":0,"pct":79.41},"functions":{"total":10,"covered":9,"skipped":0,"pct":90},"statements":{"total":41,"covered":33,"skipped":0,"pct":80.48},"branches":{"total":30,"covered":21,"skipped":0,"pct":70}}
,"/Users/palakjain/Vibe_Coding/finwise/src/domain/_shared/num.ts": {"lines":{"total":6,"covered":6,"skipped":0,"pct":100},"functions":{"total":4,"covered":4,"skipped":0,"pct":100},"statements":{"total":9,"covered":9,"skipped":0,"pct":100},"branches":{"total":4,"covered":4,"skipped":0,"pct":100}}
,"/Users/palakjain/Vibe_Coding/finwise/src/domain/alternatives/index.ts": {"lines":{"total":6,"covered":6,"skipped":0,"pct":100},"functions":{"total":4,"covered":4,"skipped":0,"pct":100},"statements":{"total":8,"covered":8,"skipped":0,"pct":100},"branches":{"total":13,"covered":9,"skipped":0,"pct":69.23}}
,"/Users/palakjain/Vibe_Coding/finwise/src/domain/assets/index.ts": {"lines":{"total":110,"covered":104,"skipped":0,"pct":94.54},"functions":{"total":59,"covered":53,"skipped":0,"pct":89.83},"statements":{"total":164,"covered":147,"skipped":0,"pct":89.63},"branches":{"total":146,"covered":114,"skipped":0,"pct":78.08}}
,"/Users/palakjain/Vibe_Coding/finwise/src/domain/assets/itemize.ts": {"lines":{"total":22,"covered":22,"skipped":0,"pct":100},"functions":{"total":6,"covered":6,"skipped":0,"pct":100},"statements":{"total":23,"covered":23,"skipped":0,"pct":100},"branches":{"total":36,"covered":27,"skipped":0,"pct":75}}
,"/Users/palakjain/Vibe_Coding/finwise/src/domain/bonds/index.ts": {"lines":{"total":42,"covered":42,"skipped":0,"pct":100},"functions":{"total":19,"covered":19,"skipped":0,"pct":100},"statements":{"total":54,"covered":54,"skipped":0,"pct":100},"branches":{"total":57,"covered":51,"skipped":0,"pct":89.47}}
,"/Users/palakjain/Vibe_Coding/finwise/src/domain/budget/index.ts": {"lines":{"total":103,"covered":99,"skipped":0,"pct":96.11},"functions":{"total":32,"covered":28,"skipped":0,"pct":87.5},"statements":{"total":146,"covered":138,"skipped":0,"pct":94.52},"branches":{"total":115,"covered":92,"skipped":0,"pct":80}}
,"/Users/palakjain/Vibe_Coding/finwise/src/domain/cashflow/index.ts": {"lines":{"total":126,"covered":116,"skipped":0,"pct":92.06},"functions":{"total":21,"covered":19,"skipped":0,"pct":90.47},"statements":{"total":192,"covered":160,"skipped":0,"pct":83.33},"branches":{"total":146,"covered":97,"skipped":0,"pct":66.43}}
,"/Users/palakjain/Vibe_Coding/finwise/src/domain/completeness/index.ts": {"lines":{"total":4,"covered":4,"skipped":0,"pct":100},"functions":{"total":2,"covered":2,"skipped":0,"pct":100},"statements":{"total":5,"covered":5,"skipped":0,"pct":100},"branches":{"total":0,"covered":0,"skipped":0,"pct":100}}
,"/Users/palakjain/Vibe_Coding/finwise/src/domain/debt/index.ts": {"lines":{"total":74,"covered":71,"skipped":0,"pct":95.94},"functions":{"total":35,"covered":32,"skipped":0,"pct":91.42},"statements":{"total":123,"covered":116,"skipped":0,"pct":94.3},"branches":{"total":105,"covered":89,"skipped":0,"pct":84.76}}
,"/Users/palakjain/Vibe_Coding/finwise/src/domain/decumulation/index.ts": {"lines":{"total":44,"covered":40,"skipped":0,"pct":90.9},"functions":{"total":11,"covered":11,"skipped":0,"pct":100},"statements":{"total":66,"covered":56,"skipped":0,"pct":84.84},"branches":{"total":45,"covered":35,"skipped":0,"pct":77.77}}
,"/Users/palakjain/Vibe_Coding/finwise/src/domain/goals/index.ts": {"lines":{"total":51,"covered":49,"skipped":0,"pct":96.07},"functions":{"total":19,"covered":17,"skipped":0,"pct":89.47},"statements":{"total":67,"covered":63,"skipped":0,"pct":94.02},"branches":{"total":80,"covered":67,"skipped":0,"pct":83.75}}
,"/Users/palakjain/Vibe_Coding/finwise/src/domain/grid/index.ts": {"lines":{"total":110,"covered":99,"skipped":0,"pct":90},"functions":{"total":20,"covered":19,"skipped":0,"pct":95},"statements":{"total":203,"covered":150,"skipped":0,"pct":73.89},"branches":{"total":170,"covered":87,"skipped":0,"pct":51.17}}
,"/Users/palakjain/Vibe_Coding/finwise/src/domain/import/holdingsImport.ts": {"lines":{"total":129,"covered":124,"skipped":0,"pct":96.12},"functions":{"total":23,"covered":23,"skipped":0,"pct":100},"statements":{"total":192,"covered":179,"skipped":0,"pct":93.22},"branches":{"total":189,"covered":160,"skipped":0,"pct":84.65}}
,"/Users/palakjain/Vibe_Coding/finwise/src/domain/income/calc.ts": {"lines":{"total":30,"covered":28,"skipped":0,"pct":93.33},"functions":{"total":14,"covered":14,"skipped":0,"pct":100},"statements":{"total":50,"covered":42,"skipped":0,"pct":84},"branches":{"total":22,"covered":18,"skipped":0,"pct":81.81}}
,"/Users/palakjain/Vibe_Coding/finwise/src/domain/income/index.ts": {"lines":{"total":8,"covered":2,"skipped":0,"pct":25},"functions":{"total":3,"covered":0,"skipped":0,"pct":0},"statements":{"total":9,"covered":2,"skipped":0,"pct":22.22},"branches":{"total":6,"covered":0,"skipped":0,"pct":0}}
,"/Users/palakjain/Vibe_Coding/finwise/src/domain/income/limits.ts": {"lines":{"total":11,"covered":11,"skipped":0,"pct":100},"functions":{"total":6,"covered":6,"skipped":0,"pct":100},"statements":{"total":13,"covered":13,"skipped":0,"pct":100},"branches":{"total":28,"covered":26,"skipped":0,"pct":92.85}}
,"/Users/palakjain/Vibe_Coding/finwise/src/domain/income/onboarding.ts": {"lines":{"total":167,"covered":158,"skipped":0,"pct":94.61},"functions":{"total":49,"covered":44,"skipped":0,"pct":89.79},"statements":{"total":214,"covered":188,"skipped":0,"pct":87.85},"branches":{"total":219,"covered":177,"skipped":0,"pct":80.82}}
,"/Users/palakjain/Vibe_Coding/finwise/src/domain/income/tax.ts": {"lines":{"total":22,"covered":21,"skipped":0,"pct":95.45},"functions":{"total":5,"covered":5,"skipped":0,"pct":100},"statements":{"total":32,"covered":31,"skipped":0,"pct":96.87},"branches":{"total":12,"covered":12,"skipped":0,"pct":100}}
,"/Users/palakjain/Vibe_Coding/finwise/src/domain/income/types.ts": {"lines":{"total":1,"covered":1,"skipped":0,"pct":100},"functions":{"total":0,"covered":0,"skipped":0,"pct":100},"statements":{"total":1,"covered":1,"skipped":0,"pct":100},"branches":{"total":0,"covered":0,"skipped":0,"pct":100}}
,"/Users/palakjain/Vibe_Coding/finwise/src/domain/insights/index.ts": {"lines":{"total":21,"covered":21,"skipped":0,"pct":100},"functions":{"total":20,"covered":20,"skipped":0,"pct":100},"statements":{"total":25,"covered":25,"skipped":0,"pct":100},"branches":{"total":50,"covered":46,"skipped":0,"pct":92}}
,"/Users/palakjain/Vibe_Coding/finwise/src/domain/networth/index.ts": {"lines":{"total":1,"covered":1,"skipped":0,"pct":100},"functions":{"total":1,"covered":1,"skipped":0,"pct":100},"statements":{"total":1,"covered":1,"skipped":0,"pct":100},"branches":{"total":0,"covered":0,"skipped":0,"pct":100}}
,"/Users/palakjain/Vibe_Coding/finwise/src/domain/paycheck/index.ts": {"lines":{"total":54,"covered":54,"skipped":0,"pct":100},"functions":{"total":17,"covered":17,"skipped":0,"pct":100},"statements":{"total":80,"covered":79,"skipped":0,"pct":98.75},"branches":{"total":50,"covered":44,"skipped":0,"pct":88}}
,"/Users/palakjain/Vibe_Coding/finwise/src/domain/performance/index.ts": {"lines":{"total":85,"covered":82,"skipped":0,"pct":96.47},"functions":{"total":36,"covered":36,"skipped":0,"pct":100},"statements":{"total":124,"covered":113,"skipped":0,"pct":91.12},"branches":{"total":106,"covered":79,"skipped":0,"pct":74.52}}
,"/Users/palakjain/Vibe_Coding/finwise/src/domain/performance/lookBack.ts": {"lines":{"total":17,"covered":17,"skipped":0,"pct":100},"functions":{"total":3,"covered":3,"skipped":0,"pct":100},"statements":{"total":26,"covered":25,"skipped":0,"pct":96.15},"branches":{"total":20,"covered":18,"skipped":0,"pct":90}}
,"/Users/palakjain/Vibe_Coding/finwise/src/domain/planning/index.ts": {"lines":{"total":47,"covered":46,"skipped":0,"pct":97.87},"functions":{"total":16,"covered":14,"skipped":0,"pct":87.5},"statements":{"total":70,"covered":64,"skipped":0,"pct":91.42},"branches":{"total":74,"covered":56,"skipped":0,"pct":75.67}}
,"/Users/palakjain/Vibe_Coding/finwise/src/domain/planning/multiGoal.ts": {"lines":{"total":35,"covered":30,"skipped":0,"pct":85.71},"functions":{"total":9,"covered":8,"skipped":0,"pct":88.88},"statements":{"total":45,"covered":35,"skipped":0,"pct":77.77},"branches":{"total":28,"covered":20,"skipped":0,"pct":71.42}}
,"/Users/palakjain/Vibe_Coding/finwise/src/domain/profile/calc.ts": {"lines":{"total":12,"covered":12,"skipped":0,"pct":100},"functions":{"total":4,"covered":4,"skipped":0,"pct":100},"statements":{"total":16,"covered":16,"skipped":0,"pct":100},"branches":{"total":20,"covered":18,"skipped":0,"pct":90}}
,"/Users/palakjain/Vibe_Coding/finwise/src/domain/profile/index.ts": {"lines":{"total":7,"covered":2,"skipped":0,"pct":28.57},"functions":{"total":3,"covered":0,"skipped":0,"pct":0},"statements":{"total":7,"covered":2,"skipped":0,"pct":28.57},"branches":{"total":2,"covered":0,"skipped":0,"pct":0}}
,"/Users/palakjain/Vibe_Coding/finwise/src/domain/profile/lens.ts": {"lines":{"total":6,"covered":6,"skipped":0,"pct":100},"functions":{"total":2,"covered":2,"skipped":0,"pct":100},"statements":{"total":9,"covered":9,"skipped":0,"pct":100},"branches":{"total":14,"covered":13,"skipped":0,"pct":92.85}}
,"/Users/palakjain/Vibe_Coding/finwise/src/domain/profile/onboarding.ts": {"lines":{"total":5,"covered":5,"skipped":0,"pct":100},"functions":{"total":2,"covered":2,"skipped":0,"pct":100},"statements":{"total":5,"covered":5,"skipped":0,"pct":100},"branches":{"total":18,"covered":18,"skipped":0,"pct":100}}
,"/Users/palakjain/Vibe_Coding/finwise/src/domain/profile/types.ts": {"lines":{"total":1,"covered":1,"skipped":0,"pct":100},"functions":{"total":0,"covered":0,"skipped":0,"pct":100},"statements":{"total":1,"covered":1,"skipped":0,"pct":100},"branches":{"total":0,"covered":0,"skipped":0,"pct":100}}
,"/Users/palakjain/Vibe_Coding/finwise/src/domain/retirement/col.ts": {"lines":{"total":7,"covered":7,"skipped":0,"pct":100},"functions":{"total":2,"covered":2,"skipped":0,"pct":100},"statements":{"total":9,"covered":9,"skipped":0,"pct":100},"branches":{"total":11,"covered":10,"skipped":0,"pct":90.9}}
,"/Users/palakjain/Vibe_Coding/finwise/src/domain/retirement/index.ts": {"lines":{"total":92,"covered":92,"skipped":0,"pct":100},"functions":{"total":15,"covered":15,"skipped":0,"pct":100},"statements":{"total":122,"covered":120,"skipped":0,"pct":98.36},"branches":{"total":64,"covered":58,"skipped":0,"pct":90.62}}
,"/Users/palakjain/Vibe_Coding/finwise/src/domain/retirement/ssTiming.ts": {"lines":{"total":18,"covered":18,"skipped":0,"pct":100},"functions":{"total":5,"covered":5,"skipped":0,"pct":100},"statements":{"total":21,"covered":21,"skipped":0,"pct":100},"branches":{"total":13,"covered":12,"skipped":0,"pct":92.3}}
,"/Users/palakjain/Vibe_Coding/finwise/src/domain/retirement/willItLast.ts": {"lines":{"total":46,"covered":46,"skipped":0,"pct":100},"functions":{"total":6,"covered":6,"skipped":0,"pct":100},"statements":{"total":51,"covered":51,"skipped":0,"pct":100},"branches":{"total":92,"covered":83,"skipped":0,"pct":90.21}}
,"/Users/palakjain/Vibe_Coding/finwise/src/domain/savings/index.ts": {"lines":{"total":10,"covered":10,"skipped":0,"pct":100},"functions":{"total":7,"covered":7,"skipped":0,"pct":100},"statements":{"total":12,"covered":12,"skipped":0,"pct":100},"branches":{"total":8,"covered":6,"skipped":0,"pct":75}}
,"/Users/palakjain/Vibe_Coding/finwise/src/domain/transactions/flags.ts": {"lines":{"total":67,"covered":66,"skipped":0,"pct":98.5},"functions":{"total":18,"covered":18,"skipped":0,"pct":100},"statements":{"total":86,"covered":83,"skipped":0,"pct":96.51},"branches":{"total":78,"covered":71,"skipped":0,"pct":91.02}}
,"/Users/palakjain/Vibe_Coding/finwise/src/domain/transactions/index.ts": {"lines":{"total":77,"covered":72,"skipped":0,"pct":93.5},"functions":{"total":44,"covered":43,"skipped":0,"pct":97.72},"statements":{"total":108,"covered":100,"skipped":0,"pct":92.59},"branches":{"total":167,"covered":111,"skipped":0,"pct":66.46}}
,"/Users/palakjain/Vibe_Coding/finwise/src/hooks/useCashflowModel.ts": {"lines":{"total":12,"covered":12,"skipped":0,"pct":100},"functions":{"total":2,"covered":2,"skipped":0,"pct":100},"statements":{"total":12,"covered":12,"skipped":0,"pct":100},"branches":{"total":16,"covered":13,"skipped":0,"pct":81.25}}
,"/Users/palakjain/Vibe_Coding/finwise/src/navigation/routeGuard.ts": {"lines":{"total":13,"covered":13,"skipped":0,"pct":100},"functions":{"total":1,"covered":1,"skipped":0,"pct":100},"statements":{"total":17,"covered":17,"skipped":0,"pct":100},"branches":{"total":18,"covered":18,"skipped":0,"pct":100}}
,"/Users/palakjain/Vibe_Coding/finwise/src/onboarding/Mascot.tsx": {"lines":{"total":28,"covered":28,"skipped":0,"pct":100},"functions":{"total":6,"covered":6,"skipped":0,"pct":100},"statements":{"total":31,"covered":31,"skipped":0,"pct":100},"branches":{"total":18,"covered":11,"skipped":0,"pct":61.11}}
,"/Users/palakjain/Vibe_Coding/finwise/src/onboarding/Summary.tsx": {"lines":{"total":27,"covered":1,"skipped":0,"pct":3.7},"functions":{"total":9,"covered":0,"skipped":0,"pct":0},"statements":{"total":37,"covered":1,"skipped":0,"pct":2.7},"branches":{"total":32,"covered":0,"skipped":0,"pct":0}}
,"/Users/palakjain/Vibe_Coding/finwise/src/onboarding/engine.ts": {"lines":{"total":73,"covered":73,"skipped":0,"pct":100},"functions":{"total":17,"covered":17,"skipped":0,"pct":100},"statements":{"total":101,"covered":101,"skipped":0,"pct":100},"branches":{"total":83,"covered":81,"skipped":0,"pct":97.59}}
,"/Users/palakjain/Vibe_Coding/finwise/src/onboarding/modules.tsx": {"lines":{"total":716,"covered":19,"skipped":0,"pct":2.65},"functions":{"total":334,"covered":2,"skipped":0,"pct":0.59},"statements":{"total":883,"covered":19,"skipped":0,"pct":2.15},"branches":{"total":1174,"covered":0,"skipped":0,"pct":0}}
,"/Users/palakjain/Vibe_Coding/finwise/src/screens/AccountDetailScreen.tsx": {"lines":{"total":92,"covered":84,"skipped":0,"pct":91.3},"functions":{"total":39,"covered":29,"skipped":0,"pct":74.35},"statements":{"total":112,"covered":99,"skipped":0,"pct":88.39},"branches":{"total":197,"covered":144,"skipped":0,"pct":73.09}}
,"/Users/palakjain/Vibe_Coding/finwise/src/screens/AnalyticsScreen.tsx": {"lines":{"total":53,"covered":39,"skipped":0,"pct":73.58},"functions":{"total":27,"covered":17,"skipped":0,"pct":62.96},"statements":{"total":61,"covered":43,"skipped":0,"pct":70.49},"branches":{"total":110,"covered":43,"skipped":0,"pct":39.09}}
,"/Users/palakjain/Vibe_Coding/finwise/src/screens/AuthScreen.tsx": {"lines":{"total":118,"covered":77,"skipped":0,"pct":65.25},"functions":{"total":19,"covered":11,"skipped":0,"pct":57.89},"statements":{"total":127,"covered":80,"skipped":0,"pct":62.99},"branches":{"total":118,"covered":76,"skipped":0,"pct":64.4}}
,"/Users/palakjain/Vibe_Coding/finwise/src/screens/BillCalendarScreen.tsx": {"lines":{"total":27,"covered":24,"skipped":0,"pct":88.88},"functions":{"total":12,"covered":8,"skipped":0,"pct":66.66},"statements":{"total":38,"covered":32,"skipped":0,"pct":84.21},"branches":{"total":44,"covered":24,"skipped":0,"pct":54.54}}
,"/Users/palakjain/Vibe_Coding/finwise/src/screens/BondsScreen.tsx": {"lines":{"total":73,"covered":40,"skipped":0,"pct":54.79},"functions":{"total":33,"covered":13,"skipped":0,"pct":39.39},"statements":{"total":113,"covered":56,"skipped":0,"pct":49.55},"branches":{"total":163,"covered":64,"skipped":0,"pct":39.26}}
,"/Users/palakjain/Vibe_Coding/finwise/src/screens/BudgetScreen.tsx": {"lines":{"total":312,"covered":131,"skipped":0,"pct":41.98},"functions":{"total":131,"covered":34,"skipped":0,"pct":25.95},"statements":{"total":413,"covered":150,"skipped":0,"pct":36.31},"branches":{"total":474,"covered":134,"skipped":0,"pct":28.27}}
,"/Users/palakjain/Vibe_Coding/finwise/src/screens/CashFlowScreen.tsx": {"lines":{"total":70,"covered":62,"skipped":0,"pct":88.57},"functions":{"total":32,"covered":24,"skipped":0,"pct":75},"statements":{"total":79,"covered":69,"skipped":0,"pct":87.34},"branches":{"total":103,"covered":81,"skipped":0,"pct":78.64}}
,"/Users/palakjain/Vibe_Coding/finwise/src/screens/CreditScreen.tsx": {"lines":{"total":15,"covered":15,"skipped":0,"pct":100},"functions":{"total":6,"covered":5,"skipped":0,"pct":83.33},"statements":{"total":22,"covered":21,"skipped":0,"pct":95.45},"branches":{"total":26,"covered":8,"skipped":0,"pct":30.76}}
,"/Users/palakjain/Vibe_Coding/finwise/src/screens/EducationScreen.tsx": {"lines":{"total":20,"covered":17,"skipped":0,"pct":85},"functions":{"total":5,"covered":4,"skipped":0,"pct":80},"statements":{"total":23,"covered":20,"skipped":0,"pct":86.95},"branches":{"total":20,"covered":16,"skipped":0,"pct":80}}
,"/Users/palakjain/Vibe_Coding/finwise/src/screens/EstateScreen.tsx": {"lines":{"total":10,"covered":9,"skipped":0,"pct":90},"functions":{"total":4,"covered":3,"skipped":0,"pct":75},"statements":{"total":11,"covered":10,"skipped":0,"pct":90.9},"branches":{"total":8,"covered":4,"skipped":0,"pct":50}}
,"/Users/palakjain/Vibe_Coding/finwise/src/screens/ExpenseScreen.tsx": {"lines":{"total":107,"covered":38,"skipped":0,"pct":35.51},"functions":{"total":35,"covered":7,"skipped":0,"pct":20},"statements":{"total":123,"covered":38,"skipped":0,"pct":30.89},"branches":{"total":120,"covered":19,"skipped":0,"pct":15.83}}
,"/Users/palakjain/Vibe_Coding/finwise/src/screens/FirstRunScreen.tsx": {"lines":{"total":32,"covered":31,"skipped":0,"pct":96.87},"functions":{"total":15,"covered":13,"skipped":0,"pct":86.66},"statements":{"total":39,"covered":37,"skipped":0,"pct":94.87},"branches":{"total":43,"covered":38,"skipped":0,"pct":88.37}}
,"/Users/palakjain/Vibe_Coding/finwise/src/screens/GoalsScreen.tsx": {"lines":{"total":89,"covered":64,"skipped":0,"pct":71.91},"functions":{"total":41,"covered":20,"skipped":0,"pct":48.78},"statements":{"total":127,"covered":83,"skipped":0,"pct":65.35},"branches":{"total":193,"covered":95,"skipped":0,"pct":49.22}}
,"/Users/palakjain/Vibe_Coding/finwise/src/screens/HomeScreen.tsx": {"lines":{"total":100,"covered":90,"skipped":0,"pct":90},"functions":{"total":53,"covered":25,"skipped":0,"pct":47.16},"statements":{"total":141,"covered":108,"skipped":0,"pct":76.59},"branches":{"total":206,"covered":105,"skipped":0,"pct":50.97}}
,"/Users/palakjain/Vibe_Coding/finwise/src/screens/IdleCashScreen.tsx": {"lines":{"total":14,"covered":12,"skipped":0,"pct":85.71},"functions":{"total":4,"covered":2,"skipped":0,"pct":50},"statements":{"total":15,"covered":13,"skipped":0,"pct":86.66},"branches":{"total":20,"covered":9,"skipped":0,"pct":45}}
,"/Users/palakjain/Vibe_Coding/finwise/src/screens/ImportHoldingsScreen.tsx": {"lines":{"total":82,"covered":76,"skipped":0,"pct":92.68},"functions":{"total":19,"covered":17,"skipped":0,"pct":89.47},"statements":{"total":94,"covered":83,"skipped":0,"pct":88.29},"branches":{"total":109,"covered":91,"skipped":0,"pct":83.48}}
,"/Users/palakjain/Vibe_Coding/finwise/src/screens/IncomeDetailScreen.tsx": {"lines":{"total":34,"covered":26,"skipped":0,"pct":76.47},"functions":{"total":19,"covered":10,"skipped":0,"pct":52.63},"statements":{"total":39,"covered":29,"skipped":0,"pct":74.35},"branches":{"total":34,"covered":16,"skipped":0,"pct":47.05}}
,"/Users/palakjain/Vibe_Coding/finwise/src/screens/IncomeManagerScreen.tsx": {"lines":{"total":76,"covered":51,"skipped":0,"pct":67.1},"functions":{"total":48,"covered":22,"skipped":0,"pct":45.83},"statements":{"total":108,"covered":66,"skipped":0,"pct":61.11},"branches":{"total":126,"covered":70,"skipped":0,"pct":55.55}}
,"/Users/palakjain/Vibe_Coding/finwise/src/screens/IncomeScreen.tsx": {"lines":{"total":87,"covered":36,"skipped":0,"pct":41.37},"functions":{"total":34,"covered":4,"skipped":0,"pct":11.76},"statements":{"total":106,"covered":37,"skipped":0,"pct":34.9},"branches":{"total":139,"covered":18,"skipped":0,"pct":12.94}}
,"/Users/palakjain/Vibe_Coding/finwise/src/screens/InsightsScreen.tsx": {"lines":{"total":64,"covered":56,"skipped":0,"pct":87.5},"functions":{"total":43,"covered":25,"skipped":0,"pct":58.13},"statements":{"total":88,"covered":68,"skipped":0,"pct":77.27},"branches":{"total":112,"covered":64,"skipped":0,"pct":57.14}}
,"/Users/palakjain/Vibe_Coding/finwise/src/screens/InsuranceScreen.tsx": {"lines":{"total":18,"covered":18,"skipped":0,"pct":100},"functions":{"total":4,"covered":4,"skipped":0,"pct":100},"statements":{"total":21,"covered":21,"skipped":0,"pct":100},"branches":{"total":29,"covered":22,"skipped":0,"pct":75.86}}
,"/Users/palakjain/Vibe_Coding/finwise/src/screens/JobSafetyScreen.tsx": {"lines":{"total":36,"covered":23,"skipped":0,"pct":63.88},"functions":{"total":12,"covered":2,"skipped":0,"pct":16.66},"statements":{"total":38,"covered":23,"skipped":0,"pct":60.52},"branches":{"total":78,"covered":14,"skipped":0,"pct":17.94}}
,"/Users/palakjain/Vibe_Coding/finwise/src/screens/LookBackScreen.tsx": {"lines":{"total":24,"covered":24,"skipped":0,"pct":100},"functions":{"total":14,"covered":12,"skipped":0,"pct":85.71},"statements":{"total":33,"covered":31,"skipped":0,"pct":93.93},"branches":{"total":43,"covered":28,"skipped":0,"pct":65.11}}
,"/Users/palakjain/Vibe_Coding/finwise/src/screens/MonthDetailScreen.tsx": {"lines":{"total":28,"covered":25,"skipped":0,"pct":89.28},"functions":{"total":15,"covered":12,"skipped":0,"pct":80},"statements":{"total":38,"covered":34,"skipped":0,"pct":89.47},"branches":{"total":88,"covered":67,"skipped":0,"pct":76.13}}
,"/Users/palakjain/Vibe_Coding/finwise/src/screens/MonthlyIncomeScreen.tsx": {"lines":{"total":37,"covered":35,"skipped":0,"pct":94.59},"functions":{"total":12,"covered":10,"skipped":0,"pct":83.33},"statements":{"total":40,"covered":38,"skipped":0,"pct":95},"branches":{"total":82,"covered":77,"skipped":0,"pct":93.9}}
,"/Users/palakjain/Vibe_Coding/finwise/src/screens/MultiGoalScreen.tsx": {"lines":{"total":58,"covered":45,"skipped":0,"pct":77.58},"functions":{"total":39,"covered":26,"skipped":0,"pct":66.66},"statements":{"total":69,"covered":53,"skipped":0,"pct":76.81},"branches":{"total":96,"covered":66,"skipped":0,"pct":68.75}}
,"/Users/palakjain/Vibe_Coding/finwise/src/screens/NetWorthScreen.tsx": {"lines":{"total":231,"covered":170,"skipped":0,"pct":73.59},"functions":{"total":108,"covered":57,"skipped":0,"pct":52.77},"statements":{"total":331,"covered":216,"skipped":0,"pct":65.25},"branches":{"total":371,"covered":178,"skipped":0,"pct":47.97}}
,"/Users/palakjain/Vibe_Coding/finwise/src/screens/OnboardingScreen.tsx": {"lines":{"total":99,"covered":53,"skipped":0,"pct":53.53},"functions":{"total":38,"covered":14,"skipped":0,"pct":36.84},"statements":{"total":123,"covered":58,"skipped":0,"pct":47.15},"branches":{"total":102,"covered":40,"skipped":0,"pct":39.21}}
,"/Users/palakjain/Vibe_Coding/finwise/src/screens/OtherInvestmentsScreen.tsx": {"lines":{"total":43,"covered":26,"skipped":0,"pct":60.46},"functions":{"total":22,"covered":7,"skipped":0,"pct":31.81},"statements":{"total":64,"covered":29,"skipped":0,"pct":45.31},"branches":{"total":84,"covered":26,"skipped":0,"pct":30.95}}
,"/Users/palakjain/Vibe_Coding/finwise/src/screens/PaycheckMonthsScreen.tsx": {"lines":{"total":13,"covered":13,"skipped":0,"pct":100},"functions":{"total":8,"covered":8,"skipped":0,"pct":100},"statements":{"total":14,"covered":14,"skipped":0,"pct":100},"branches":{"total":32,"covered":28,"skipped":0,"pct":87.5}}
,"/Users/palakjain/Vibe_Coding/finwise/src/screens/PerformanceScreen.tsx": {"lines":{"total":186,"covered":108,"skipped":0,"pct":58.06},"functions":{"total":118,"covered":31,"skipped":0,"pct":26.27},"statements":{"total":291,"covered":131,"skipped":0,"pct":45.01},"branches":{"total":398,"covered":105,"skipped":0,"pct":26.38}}
,"/Users/palakjain/Vibe_Coding/finwise/src/screens/PlanHubScreen.tsx": {"lines":{"total":38,"covered":21,"skipped":0,"pct":55.26},"functions":{"total":19,"covered":4,"skipped":0,"pct":21.05},"statements":{"total":41,"covered":23,"skipped":0,"pct":56.09},"branches":{"total":56,"covered":35,"skipped":0,"pct":62.5}}
,"/Users/palakjain/Vibe_Coding/finwise/src/screens/RetirementCockpit.tsx": {"lines":{"total":276,"covered":178,"skipped":0,"pct":64.49},"functions":{"total":134,"covered":47,"skipped":0,"pct":35.07},"statements":{"total":396,"covered":210,"skipped":0,"pct":53.03},"branches":{"total":548,"covered":257,"skipped":0,"pct":46.89}}
,"/Users/palakjain/Vibe_Coding/finwise/src/screens/RewardsScreen.tsx": {"lines":{"total":52,"covered":18,"skipped":0,"pct":34.61},"functions":{"total":19,"covered":6,"skipped":0,"pct":31.57},"statements":{"total":56,"covered":20,"skipped":0,"pct":35.71},"branches":{"total":55,"covered":8,"skipped":0,"pct":14.54}}
,"/Users/palakjain/Vibe_Coding/finwise/src/screens/RothScreen.tsx": {"lines":{"total":13,"covered":13,"skipped":0,"pct":100},"functions":{"total":8,"covered":7,"skipped":0,"pct":87.5},"statements":{"total":19,"covered":18,"skipped":0,"pct":94.73},"branches":{"total":26,"covered":23,"skipped":0,"pct":88.46}}
,"/Users/palakjain/Vibe_Coding/finwise/src/screens/SettingsScreen.tsx": {"lines":{"total":115,"covered":45,"skipped":0,"pct":39.13},"functions":{"total":47,"covered":11,"skipped":0,"pct":23.4},"statements":{"total":135,"covered":51,"skipped":0,"pct":37.77},"branches":{"total":129,"covered":68,"skipped":0,"pct":52.71}}
,"/Users/palakjain/Vibe_Coding/finwise/src/screens/SharpenPlanScreen.tsx": {"lines":{"total":12,"covered":12,"skipped":0,"pct":100},"functions":{"total":7,"covered":6,"skipped":0,"pct":85.71},"statements":{"total":16,"covered":15,"skipped":0,"pct":93.75},"branches":{"total":31,"covered":24,"skipped":0,"pct":77.41}}
,"/Users/palakjain/Vibe_Coding/finwise/src/screens/SsTimingScreen.tsx": {"lines":{"total":53,"covered":48,"skipped":0,"pct":90.56},"functions":{"total":22,"covered":17,"skipped":0,"pct":77.27},"statements":{"total":60,"covered":54,"skipped":0,"pct":90},"branches":{"total":91,"covered":82,"skipped":0,"pct":90.1}}
,"/Users/palakjain/Vibe_Coding/finwise/src/screens/StressTestScreen.tsx": {"lines":{"total":15,"covered":15,"skipped":0,"pct":100},"functions":{"total":6,"covered":5,"skipped":0,"pct":83.33},"statements":{"total":21,"covered":20,"skipped":0,"pct":95.23},"branches":{"total":30,"covered":21,"skipped":0,"pct":70}}
,"/Users/palakjain/Vibe_Coding/finwise/src/screens/TaxOrganizerScreen.tsx": {"lines":{"total":30,"covered":16,"skipped":0,"pct":53.33},"functions":{"total":12,"covered":6,"skipped":0,"pct":50},"statements":{"total":32,"covered":16,"skipped":0,"pct":50},"branches":{"total":26,"covered":13,"skipped":0,"pct":50}}
,"/Users/palakjain/Vibe_Coding/finwise/src/screens/TipsScreen.tsx": {"lines":{"total":50,"covered":38,"skipped":0,"pct":76},"functions":{"total":13,"covered":7,"skipped":0,"pct":53.84},"statements":{"total":54,"covered":41,"skipped":0,"pct":75.92},"branches":{"total":68,"covered":39,"skipped":0,"pct":57.35}}
,"/Users/palakjain/Vibe_Coding/finwise/src/screens/WhatIfScreen.tsx": {"lines":{"total":23,"covered":21,"skipped":0,"pct":91.3},"functions":{"total":10,"covered":6,"skipped":0,"pct":60},"statements":{"total":27,"covered":22,"skipped":0,"pct":81.48},"branches":{"total":28,"covered":22,"skipped":0,"pct":78.57}}
,"/Users/palakjain/Vibe_Coding/finwise/src/screens/WillItLastScreen.tsx": {"lines":{"total":18,"covered":16,"skipped":0,"pct":88.88},"functions":{"total":6,"covered":4,"skipped":0,"pct":66.66},"statements":{"total":18,"covered":16,"skipped":0,"pct":88.88},"branches":{"total":51,"covered":32,"skipped":0,"pct":62.74}}
,"/Users/palakjain/Vibe_Coding/finwise/src/screens/WorthALookScreen.tsx": {"lines":{"total":30,"covered":28,"skipped":0,"pct":93.33},"functions":{"total":14,"covered":11,"skipped":0,"pct":78.57},"statements":{"total":44,"covered":37,"skipped":0,"pct":84.09},"branches":{"total":34,"covered":19,"skipped":0,"pct":55.88}}
,"/Users/palakjain/Vibe_Coding/finwise/src/services/appLock.ts": {"lines":{"total":18,"covered":10,"skipped":0,"pct":55.55},"functions":{"total":3,"covered":2,"skipped":0,"pct":66.66},"statements":{"total":21,"covered":11,"skipped":0,"pct":52.38},"branches":{"total":9,"covered":4,"skipped":0,"pct":44.44}}
,"/Users/palakjain/Vibe_Coding/finwise/src/services/crashReporter.ts": {"lines":{"total":30,"covered":18,"skipped":0,"pct":60},"functions":{"total":8,"covered":7,"skipped":0,"pct":87.5},"statements":{"total":34,"covered":20,"skipped":0,"pct":58.82},"branches":{"total":27,"covered":16,"skipped":0,"pct":59.25}}
,"/Users/palakjain/Vibe_Coding/finwise/src/services/dataCrypto.ts": {"lines":{"total":46,"covered":27,"skipped":0,"pct":58.69},"functions":{"total":20,"covered":12,"skipped":0,"pct":60},"statements":{"total":55,"covered":29,"skipped":0,"pct":52.72},"branches":{"total":20,"covered":8,"skipped":0,"pct":40}}
,"/Users/palakjain/Vibe_Coding/finwise/src/services/economicData.ts": {"lines":{"total":33,"covered":31,"skipped":0,"pct":93.93},"functions":{"total":6,"covered":4,"skipped":0,"pct":66.66},"statements":{"total":39,"covered":33,"skipped":0,"pct":84.61},"branches":{"total":26,"covered":23,"skipped":0,"pct":88.46}}
,"/Users/palakjain/Vibe_Coding/finwise/src/services/fileRead.ts": {"lines":{"total":1,"covered":1,"skipped":0,"pct":100},"functions":{"total":1,"covered":1,"skipped":0,"pct":100},"statements":{"total":1,"covered":1,"skipped":0,"pct":100},"branches":{"total":3,"covered":2,"skipped":0,"pct":66.66}}
,"/Users/palakjain/Vibe_Coding/finwise/src/services/firebase.ts": {"lines":{"total":94,"covered":4,"skipped":0,"pct":4.25},"functions":{"total":23,"covered":0,"skipped":0,"pct":0},"statements":{"total":112,"covered":4,"skipped":0,"pct":3.57},"branches":{"total":63,"covered":1,"skipped":0,"pct":1.58}}
,"/Users/palakjain/Vibe_Coding/finwise/src/services/firebaseConfig.ts": {"lines":{"total":2,"covered":2,"skipped":0,"pct":100},"functions":{"total":0,"covered":0,"skipped":0,"pct":100},"statements":{"total":2,"covered":2,"skipped":0,"pct":100},"branches":{"total":2,"covered":1,"skipped":0,"pct":50}}
,"/Users/palakjain/Vibe_Coding/finwise/src/services/marketData.ts": {"lines":{"total":41,"covered":41,"skipped":0,"pct":100},"functions":{"total":9,"covered":9,"skipped":0,"pct":100},"statements":{"total":55,"covered":54,"skipped":0,"pct":98.18},"branches":{"total":48,"covered":45,"skipped":0,"pct":93.75}}
,"/Users/palakjain/Vibe_Coding/finwise/src/store/secureStorage.ts": {"lines":{"total":29,"covered":25,"skipped":0,"pct":86.2},"functions":{"total":6,"covered":6,"skipped":0,"pct":100},"statements":{"total":34,"covered":30,"skipped":0,"pct":88.23},"branches":{"total":10,"covered":8,"skipped":0,"pct":80}}
,"/Users/palakjain/Vibe_Coding/finwise/src/store/useStore.ts": {"lines":{"total":287,"covered":205,"skipped":0,"pct":71.42},"functions":{"total":212,"covered":132,"skipped":0,"pct":62.26},"statements":{"total":411,"covered":280,"skipped":0,"pct":68.12},"branches":{"total":185,"covered":110,"skipped":0,"pct":59.45}}
,"/Users/palakjain/Vibe_Coding/finwise/src/testing/assertFinite.ts": {"lines":{"total":12,"covered":11,"skipped":0,"pct":91.66},"functions":{"total":3,"covered":3,"skipped":0,"pct":100},"statements":{"total":15,"covered":13,"skipped":0,"pct":86.66},"branches":{"total":16,"covered":12,"skipped":0,"pct":75}}
,"/Users/palakjain/Vibe_Coding/finwise/src/testing/personas.ts": {"lines":{"total":10,"covered":10,"skipped":0,"pct":100},"functions":{"total":1,"covered":1,"skipped":0,"pct":100},"statements":{"total":10,"covered":10,"skipped":0,"pct":100},"branches":{"total":2,"covered":2,"skipped":0,"pct":100}}
,"/Users/palakjain/Vibe_Coding/finwise/src/utils/fontScale.ts": {"lines":{"total":21,"covered":4,"skipped":0,"pct":19.04},"functions":{"total":5,"covered":0,"skipped":0,"pct":0},"statements":{"total":29,"covered":4,"skipped":0,"pct":13.79},"branches":{"total":16,"covered":0,"skipped":0,"pct":0}}
,"/Users/palakjain/Vibe_Coding/finwise/src/utils/persona.ts": {"lines":{"total":6,"covered":2,"skipped":0,"pct":33.33},"functions":{"total":2,"covered":1,"skipped":0,"pct":50},"statements":{"total":8,"covered":2,"skipped":0,"pct":25},"branches":{"total":17,"covered":6,"skipped":0,"pct":35.29}}
,"/Users/palakjain/Vibe_Coding/finwise/src/utils/theme.ts": {"lines":{"total":5,"covered":5,"skipped":0,"pct":100},"functions":{"total":0,"covered":0,"skipped":0,"pct":100},"statements":{"total":5,"covered":5,"skipped":0,"pct":100},"branches":{"total":0,"covered":0,"skipped":0,"pct":100}}
}
